<?xml version="1.0" encoding="UTF-8"?>
<!-- Generated by org.testng.reporters.JUnitReportReporter -->
<testsuite hostname="LAPTOP-3OOOK5AL" failures="0" tests="1" name="AdvanceSelenium.Assert1" time="22.188" errors="0" timestamp="2022-12-23T19:24:34 IST" skipped="0">
  <testcase classname="AdvanceSelenium.Assert1" name="actitimelogin" time="22.188"/>
  <system-out>
    <![CDATA[actiTIME - Login]]>
  </system-out>
</testsuite> <!-- AdvanceSelenium.Assert1 -->
