<?xml version="1.0" encoding="UTF-8"?>
<!-- Generated by org.testng.reporters.JUnitReportReporter -->
<testsuite hostname="LAPTOP-3OOOK5AL" failures="0" tests="2" name="Scripting3.Test1" time="16.821" errors="0" timestamp="2022-12-20T00:50:56 IST" skipped="0">
  <testcase classname="Scripting3.Test1" name="tc1" time="8.907"/>
  <system-out/>
  <testcase classname="Scripting3.Test1" name="tc1" time="7.914"/>
  <system-out/>
</testsuite> <!-- Scripting3.Test1 -->
