<?xml version="1.0" encoding="UTF-8"?>
<!-- Generated by org.testng.reporters.JUnitReportReporter -->
<testsuite hostname="LAPTOP-3OOOK5AL" failures="0" tests="1" name="Scripting3.Test2" time="8.392" errors="0" timestamp="2022-12-20T00:50:56 IST" skipped="0">
  <testcase classname="Scripting3.Test2" name="tc2" time="8.392"/>
  <system-out/>
</testsuite> <!-- Scripting3.Test2 -->
