<?xml version="1.0" encoding="UTF-8"?>
<!-- Generated by org.testng.reporters.JUnitReportReporter -->
<testsuite hostname="LAPTOP-3OOOK5AL" failures="0" tests="2" name="AdvanceSelenium.DistributedParallel3" time="0.002" errors="0" timestamp="2023-01-06T23:05:35 IST" skipped="0">
  <testcase classname="AdvanceSelenium.DistributedParallel3" name="tc1" time="0.002"/>
  <system-out>
    <![CDATA[ef]]>
  </system-out>
  <testcase classname="AdvanceSelenium.DistributedParallel3" name="tc1" time="0.000"/>
  <system-out>
    <![CDATA[ef]]>
  </system-out>
</testsuite> <!-- AdvanceSelenium.DistributedParallel3 -->
