<?xml version="1.0" encoding="UTF-8"?>
<!-- Generated by org.testng.reporters.JUnitReportReporter -->
<testsuite hostname="LAPTOP-3OOOK5AL" failures="0" tests="1" name="AdvanceSelenium.DistributedParallelNew2" time="6.155" errors="0" timestamp="2022-12-27T20:19:11 IST" skipped="0">
  <testcase classname="AdvanceSelenium.DistributedParallelNew2" name="openapp" time="6.155"/>
  <system-out/>
</testsuite> <!-- AdvanceSelenium.DistributedParallelNew2 -->
