<?xml version="1.0" encoding="UTF-8"?>
<!-- Generated by org.testng.reporters.JUnitReportReporter -->
<testsuite hostname="LAPTOP-3OOOK5AL" failures="0" tests="1" name="AdvanceSelenium2.LetsDoThis" time="10.423" errors="0" timestamp="2023-01-07T10:33:31 IST" skipped="0">
  <testcase classname="AdvanceSelenium2.LetsDoThis" name="test1" time="10.423"/>
  <system-out/>
</testsuite> <!-- AdvanceSelenium2.LetsDoThis -->
