<?xml version="1.0" encoding="UTF-8"?>
<!-- Generated by org.testng.reporters.JUnitReportReporter -->
<testsuite hostname="LAPTOP-3OOOK5AL" failures="0" tests="1" name="Compatibilityy.Test21" time="9.685" errors="0" timestamp="2022-12-22T18:42:53 IST" skipped="0">
  <testcase classname="Compatibilityy.Test21" name="Try21" time="9.685"/>
  <system-out/>
</testsuite> <!-- Compatibilityy.Test21 -->
