<?xml version="1.0" encoding="UTF-8"?>
<!-- Generated by org.testng.reporters.JUnitReportReporter -->
<testsuite hostname="LAPTOP-3OOOK5AL" failures="0" tests="1" name="scripting.Testcase1" time="7.327" errors="0" timestamp="2022-11-02T18:25:08 IST" skipped="0">
  <testcase classname="scripting.Testcase1" name="tc1" time="7.327"/>
  <system-out/>
</testsuite> <!-- scripting.Testcase1 -->
