<?xml version="1.0" encoding="UTF-8"?>
<!-- Generated by org.testng.reporters.JUnitReportReporter -->
<testsuite hostname="LAPTOP-3OOOK5AL" failures="0" tests="3" name="AdvanceSelenium.DataProvider3" time="16.594" errors="0" timestamp="2023-01-06T23:00:50 IST" skipped="0">
  <testcase classname="AdvanceSelenium.DataProvider3" name="amazonSearch" time="7.488"/>
  <system-out/>
  <testcase classname="AdvanceSelenium.DataProvider3" name="amazonSearch" time="4.645"/>
  <system-out/>
  <testcase classname="AdvanceSelenium.DataProvider3" name="amazonSearch" time="4.461"/>
  <system-out/>
</testsuite> <!-- AdvanceSelenium.DataProvider3 -->
