<?xml version="1.0" encoding="UTF-8"?>
<!-- Generated by org.testng.reporters.JUnitReportReporter -->
<testsuite hostname="LAPTOP-3OOOK5AL" failures="0" tests="1" name="AdvanceSelenium.TestngGroups" time="0.007" errors="0" timestamp="2022-12-27T20:40:14 IST" skipped="0">
  <testcase classname="AdvanceSelenium.TestngGroups" name="login" time="0.007"/>
  <system-out>
    <![CDATA[login]]>
  </system-out>
</testsuite> <!-- AdvanceSelenium.TestngGroups -->
